-------------------------------------------------------------------------------
Test set: jovanieLawrence.HibernateMobilePhonesTest
-------------------------------------------------------------------------------
Tests run: 1, Failures: 1, Errors: 0, Skipped: 0, Time elapsed: 0.002 s <<< FAILURE! - in jovanieLawrence.HibernateMobilePhonesTest
testSomeMethod(jovanieLawrence.HibernateMobilePhonesTest)  Time elapsed: 0.002 s  <<< FAILURE!
java.lang.AssertionError: The test case is a prototype.
	at jovanieLawrence.HibernateMobilePhonesTest.testSomeMethod(HibernateMobilePhonesTest.java:43)

